Warning: You are sending unauthenticated requests to the HF Hub. Please set a HF_TOKEN to enable higher rate limits and faster downloads.
['=', 'Valkyria', 'Chronicles', 'III', '=', 'Senjō', 'no', 'Valkyria', '3', ':', '<unk>', 'Chronicles', '(', 'Japanese', ':', '<unk>', ',', 'lit', '.', 'Valkyria', 'of', 'the', '<unk>', '3', ')']
[922, 8986, 2426, 4621, 922, 7898, 17669, 8986, 646, 918, 921, 2426, 7, 4879, 918, 921, 11, 16682, 13, 8986, 17839, 21926, 921, 646, 8]
['=', 'Valkyria', 'Chronicles', 'III', '=', 'Senjō', 'no', 'Valkyria', '3', ':', '<unk>', 'Chronicles', '(', 'Japanese', ':', '<unk>', ',', 'lit', '.', 'Valkyria']
epoch 1/100 | 窗口 0/1414 | 当前窗口loss 201.79
epoch 1/100 | 窗口 200/1414 | 当前窗口loss 124.54
epoch 1/100 | 窗口 400/1414 | 当前窗口loss 119.03
epoch 1/100 | 窗口 600/1414 | 当前窗口loss 116.05
epoch 1/100 | 窗口 800/1414 | 当前窗口loss 115.31
epoch 1/100 | 窗口 1000/1414 | 当前窗口loss 110.53
epoch 1/100 | 窗口 1200/1414 | 当前窗口loss 109.36
epoch 1/100 | 窗口 1400/1414 | 当前窗口loss 111.96
=== epoch 1 完成 | 平均loss 117.43 ===
epoch 2/100 | 窗口 0/1414 | 当前窗口loss 111.99
epoch 2/100 | 窗口 200/1414 | 当前窗口loss 107.81
epoch 2/100 | 窗口 400/1414 | 当前窗口loss 105.50
epoch 2/100 | 窗口 600/1414 | 当前窗口loss 103.52
epoch 2/100 | 窗口 800/1414 | 当前窗口loss 104.44
epoch 2/100 | 窗口 1000/1414 | 当前窗口loss 100.80
epoch 2/100 | 窗口 1200/1414 | 当前窗口loss 100.29
epoch 2/100 | 窗口 1400/1414 | 当前窗口loss 103.82
=== epoch 2 完成 | 平均loss 103.76 ===
epoch 3/100 | 窗口 0/1414 | 当前窗口loss 104.48
epoch 3/100 | 窗口 200/1414 | 当前窗口loss 100.49
epoch 3/100 | 窗口 400/1414 | 当前窗口loss 99.58
epoch 3/100 | 窗口 600/1414 | 当前窗口loss 96.56
epoch 3/100 | 窗口 800/1414 | 当前窗口loss 98.34
epoch 3/100 | 窗口 1000/1414 | 当前窗口loss 95.43
epoch 3/100 | 窗口 1200/1414 | 当前窗口loss 94.01
epoch 3/100 | 窗口 1400/1414 | 当前窗口loss 99.01
=== epoch 3 完成 | 平均loss 97.65 ===
epoch 4/100 | 窗口 0/1414 | 当前窗口loss 99.74
epoch 4/100 | 窗口 200/1414 | 当前窗口loss 95.78
epoch 4/100 | 窗口 400/1414 | 当前窗口loss 95.56
epoch 4/100 | 窗口 600/1414 | 当前窗口loss 92.32
epoch 4/100 | 窗口 800/1414 | 当前窗口loss 94.23
epoch 4/100 | 窗口 1000/1414 | 当前窗口loss 91.36
epoch 4/100 | 窗口 1200/1414 | 当前窗口loss 90.08
epoch 4/100 | 窗口 1400/1414 | 当前窗口loss 95.59
=== epoch 4 完成 | 平均loss 93.53 ===
epoch 5/100 | 窗口 0/1414 | 当前窗口loss 96.27
epoch 5/100 | 窗口 200/1414 | 当前窗口loss 92.67
epoch 5/100 | 窗口 400/1414 | 当前窗口loss 92.62
epoch 5/100 | 窗口 600/1414 | 当前窗口loss 89.22
epoch 5/100 | 窗口 800/1414 | 当前窗口loss 91.20
epoch 5/100 | 窗口 1000/1414 | 当前窗口loss 88.29
epoch 5/100 | 窗口 1200/1414 | 当前窗口loss 87.36
epoch 5/100 | 窗口 1400/1414 | 当前窗口loss 92.86
=== epoch 5 完成 | 平均loss 90.43 ===
epoch 6/100 | 窗口 0/1414 | 当前窗口loss 93.45
epoch 6/100 | 窗口 200/1414 | 当前窗口loss 90.01
epoch 6/100 | 窗口 400/1414 | 当前窗口loss 89.73
epoch 6/100 | 窗口 600/1414 | 当前窗口loss 86.95
epoch 6/100 | 窗口 800/1414 | 当前窗口loss 89.09
epoch 6/100 | 窗口 1000/1414 | 当前窗口loss 85.84
epoch 6/100 | 窗口 1200/1414 | 当前窗口loss 84.45
epoch 6/100 | 窗口 1400/1414 | 当前窗口loss 90.30
=== epoch 6 完成 | 平均loss 87.93 ===
epoch 7/100 | 窗口 0/1414 | 当前窗口loss 91.00
epoch 7/100 | 窗口 200/1414 | 当前窗口loss 87.65
epoch 7/100 | 窗口 400/1414 | 当前窗口loss 87.67
epoch 7/100 | 窗口 600/1414 | 当前窗口loss 84.49
epoch 7/100 | 窗口 800/1414 | 当前窗口loss 86.67
epoch 7/100 | 窗口 1000/1414 | 当前窗口loss 84.01
epoch 7/100 | 窗口 1200/1414 | 当前窗口loss 82.55
epoch 7/100 | 窗口 1400/1414 | 当前窗口loss 88.14
=== epoch 7 完成 | 平均loss 85.74 ===
epoch 8/100 | 窗口 0/1414 | 当前窗口loss 89.37
epoch 8/100 | 窗口 200/1414 | 当前窗口loss 85.78
epoch 8/100 | 窗口 400/1414 | 当前窗口loss 86.00
epoch 8/100 | 窗口 600/1414 | 当前窗口loss 81.91
epoch 8/100 | 窗口 800/1414 | 当前窗口loss 84.94
epoch 8/100 | 窗口 1000/1414 | 当前窗口loss 82.09
epoch 8/100 | 窗口 1200/1414 | 当前窗口loss 80.50
epoch 8/100 | 窗口 1400/1414 | 当前窗口loss 86.22
=== epoch 8 完成 | 平均loss 83.86 ===
epoch 9/100 | 窗口 0/1414 | 当前窗口loss 87.80
epoch 9/100 | 窗口 200/1414 | 当前窗口loss 84.48
epoch 9/100 | 窗口 400/1414 | 当前窗口loss 84.37
epoch 9/100 | 窗口 600/1414 | 当前窗口loss 80.25
epoch 9/100 | 窗口 800/1414 | 当前窗口loss 82.70
epoch 9/100 | 窗口 1000/1414 | 当前窗口loss 80.60
epoch 9/100 | 窗口 1200/1414 | 当前窗口loss 79.35
epoch 9/100 | 窗口 1400/1414 | 当前窗口loss 84.44
=== epoch 9 完成 | 平均loss 82.24 ===
epoch 10/100 | 窗口 0/1414 | 当前窗口loss 86.37
epoch 10/100 | 窗口 200/1414 | 当前窗口loss 82.49
epoch 10/100 | 窗口 400/1414 | 当前窗口loss 83.04
epoch 10/100 | 窗口 600/1414 | 当前窗口loss 79.35
epoch 10/100 | 窗口 800/1414 | 当前窗口loss 80.98
epoch 10/100 | 窗口 1000/1414 | 当前窗口loss 79.46
epoch 10/100 | 窗口 1200/1414 | 当前窗口loss 78.15
epoch 10/100 | 窗口 1400/1414 | 当前窗口loss 83.32
=== epoch 10 完成 | 平均loss 80.85 ===
epoch 11/100 | 窗口 0/1414 | 当前窗口loss 84.79
epoch 11/100 | 窗口 200/1414 | 当前窗口loss 81.34
epoch 11/100 | 窗口 400/1414 | 当前窗口loss 81.90
epoch 11/100 | 窗口 600/1414 | 当前窗口loss 78.14
epoch 11/100 | 窗口 800/1414 | 当前窗口loss 80.19
epoch 11/100 | 窗口 1000/1414 | 当前窗口loss 78.24
epoch 11/100 | 窗口 1200/1414 | 当前窗口loss 76.17
epoch 11/100 | 窗口 1400/1414 | 当前窗口loss 82.13
=== epoch 11 完成 | 平均loss 79.55 ===
epoch 12/100 | 窗口 0/1414 | 当前窗口loss 83.91
epoch 12/100 | 窗口 200/1414 | 当前窗口loss 79.96
epoch 12/100 | 窗口 400/1414 | 当前窗口loss 81.37
epoch 12/100 | 窗口 600/1414 | 当前窗口loss 77.32
epoch 12/100 | 窗口 800/1414 | 当前窗口loss 78.57
epoch 12/100 | 窗口 1000/1414 | 当前窗口loss 77.02
epoch 12/100 | 窗口 1200/1414 | 当前窗口loss 75.30
epoch 12/100 | 窗口 1400/1414 | 当前窗口loss 80.91
=== epoch 12 完成 | 平均loss 78.36 ===
epoch 13/100 | 窗口 0/1414 | 当前窗口loss 83.17
epoch 13/100 | 窗口 200/1414 | 当前窗口loss 79.05
epoch 13/100 | 窗口 400/1414 | 当前窗口loss 79.78
epoch 13/100 | 窗口 600/1414 | 当前窗口loss 76.11
epoch 13/100 | 窗口 800/1414 | 当前窗口loss 77.78
epoch 13/100 | 窗口 1000/1414 | 当前窗口loss 75.91
epoch 13/100 | 窗口 1200/1414 | 当前窗口loss 74.60
epoch 13/100 | 窗口 1400/1414 | 当前窗口loss 79.38
=== epoch 13 完成 | 平均loss 77.29 ===
epoch 14/100 | 窗口 0/1414 | 当前窗口loss 82.29
epoch 14/100 | 窗口 200/1414 | 当前窗口loss 78.28
epoch 14/100 | 窗口 400/1414 | 当前窗口loss 78.58
epoch 14/100 | 窗口 600/1414 | 当前窗口loss 74.83
epoch 14/100 | 窗口 800/1414 | 当前窗口loss 76.33
epoch 14/100 | 窗口 1000/1414 | 当前窗口loss 75.56
epoch 14/100 | 窗口 1200/1414 | 当前窗口loss 73.25
epoch 14/100 | 窗口 1400/1414 | 当前窗口loss 78.41
=== epoch 14 完成 | 平均loss 76.27 ===
epoch 15/100 | 窗口 0/1414 | 当前窗口loss 80.94
epoch 15/100 | 窗口 200/1414 | 当前窗口loss 77.70
epoch 15/100 | 窗口 400/1414 | 当前窗口loss 78.12
epoch 15/100 | 窗口 600/1414 | 当前窗口loss 74.03
epoch 15/100 | 窗口 800/1414 | 当前窗口loss 75.61
epoch 15/100 | 窗口 1000/1414 | 当前窗口loss 74.54
epoch 15/100 | 窗口 1200/1414 | 当前窗口loss 71.79
epoch 15/100 | 窗口 1400/1414 | 当前窗口loss 77.65
=== epoch 15 完成 | 平均loss 75.39 ===
epoch 16/100 | 窗口 0/1414 | 当前窗口loss 79.83
epoch 16/100 | 窗口 200/1414 | 当前窗口loss 76.85
epoch 16/100 | 窗口 400/1414 | 当前窗口loss 77.73
epoch 16/100 | 窗口 600/1414 | 当前窗口loss 73.29
epoch 16/100 | 窗口 800/1414 | 当前窗口loss 76.18
epoch 16/100 | 窗口 1000/1414 | 当前窗口loss 73.48
epoch 16/100 | 窗口 1200/1414 | 当前窗口loss 70.91
epoch 16/100 | 窗口 1400/1414 | 当前窗口loss 76.58
=== epoch 16 完成 | 平均loss 74.60 ===
epoch 17/100 | 窗口 0/1414 | 当前窗口loss 78.89
epoch 17/100 | 窗口 200/1414 | 当前窗口loss 76.00
epoch 17/100 | 窗口 400/1414 | 当前窗口loss 77.85
epoch 17/100 | 窗口 600/1414 | 当前窗口loss 71.98
epoch 17/100 | 窗口 800/1414 | 当前窗口loss 74.83
epoch 17/100 | 窗口 1000/1414 | 当前窗口loss 72.49
epoch 17/100 | 窗口 1200/1414 | 当前窗口loss 70.25
epoch 17/100 | 窗口 1400/1414 | 当前窗口loss 76.05
=== epoch 17 完成 | 平均loss 73.83 ===
epoch 18/100 | 窗口 0/1414 | 当前窗口loss 78.24
epoch 18/100 | 窗口 200/1414 | 当前窗口loss 75.71
epoch 18/100 | 窗口 400/1414 | 当前窗口loss 76.49
epoch 18/100 | 窗口 600/1414 | 当前窗口loss 70.63
epoch 18/100 | 窗口 800/1414 | 当前窗口loss 73.08
epoch 18/100 | 窗口 1000/1414 | 当前窗口loss 72.67
epoch 18/100 | 窗口 1200/1414 | 当前窗口loss 69.29
epoch 18/100 | 窗口 1400/1414 | 当前窗口loss 74.93
=== epoch 18 完成 | 平均loss 73.14 ===
epoch 19/100 | 窗口 0/1414 | 当前窗口loss 77.71
epoch 19/100 | 窗口 200/1414 | 当前窗口loss 74.72
epoch 19/100 | 窗口 400/1414 | 当前窗口loss 75.45
epoch 19/100 | 窗口 600/1414 | 当前窗口loss 70.13
epoch 19/100 | 窗口 800/1414 | 当前窗口loss 72.26
epoch 19/100 | 窗口 1000/1414 | 当前窗口loss 71.90
epoch 19/100 | 窗口 1200/1414 | 当前窗口loss 68.64
epoch 19/100 | 窗口 1400/1414 | 当前窗口loss 74.24
=== epoch 19 完成 | 平均loss 72.60 ===
epoch 20/100 | 窗口 0/1414 | 当前窗口loss 77.02
epoch 20/100 | 窗口 200/1414 | 当前窗口loss 74.00
epoch 20/100 | 窗口 400/1414 | 当前窗口loss 75.55
epoch 20/100 | 窗口 600/1414 | 当前窗口loss 70.09
epoch 20/100 | 窗口 800/1414 | 当前窗口loss 72.59
epoch 20/100 | 窗口 1000/1414 | 当前窗口loss 70.76
epoch 20/100 | 窗口 1200/1414 | 当前窗口loss 67.74
epoch 20/100 | 窗口 1400/1414 | 当前窗口loss 74.12
=== epoch 20 完成 | 平均loss 72.36 ===
epoch 21/100 | 窗口 0/1414 | 当前窗口loss 76.47
epoch 21/100 | 窗口 200/1414 | 当前窗口loss 73.12
epoch 21/100 | 窗口 400/1414 | 当前窗口loss 73.93
epoch 21/100 | 窗口 600/1414 | 当前窗口loss 68.75
epoch 21/100 | 窗口 800/1414 | 当前窗口loss 72.33
epoch 21/100 | 窗口 1000/1414 | 当前窗口loss 70.21
epoch 21/100 | 窗口 1200/1414 | 当前窗口loss 66.86
epoch 21/100 | 窗口 1400/1414 | 当前窗口loss 73.45
=== epoch 21 完成 | 平均loss 71.23 ===
epoch 22/100 | 窗口 0/1414 | 当前窗口loss 75.67
epoch 22/100 | 窗口 200/1414 | 当前窗口loss 72.72
epoch 22/100 | 窗口 400/1414 | 当前窗口loss 73.31
epoch 22/100 | 窗口 600/1414 | 当前窗口loss 67.96
epoch 22/100 | 窗口 800/1414 | 当前窗口loss 71.93
epoch 22/100 | 窗口 1000/1414 | 当前窗口loss 74.52
epoch 22/100 | 窗口 1200/1414 | 当前窗口loss 68.57
epoch 22/100 | 窗口 1400/1414 | 当前窗口loss 73.21
=== epoch 22 完成 | 平均loss 71.50 ===
epoch 23/100 | 窗口 0/1414 | 当前窗口loss 76.14
epoch 23/100 | 窗口 200/1414 | 当前窗口loss 73.23
epoch 23/100 | 窗口 400/1414 | 当前窗口loss 73.15
epoch 23/100 | 窗口 600/1414 | 当前窗口loss 69.00
epoch 23/100 | 窗口 800/1414 | 当前窗口loss 70.75
epoch 23/100 | 窗口 1000/1414 | 当前窗口loss 69.84
epoch 23/100 | 窗口 1200/1414 | 当前窗口loss 66.21
epoch 23/100 | 窗口 1400/1414 | 当前窗口loss 71.73
=== epoch 23 完成 | 平均loss 70.61 ===
epoch 24/100 | 窗口 0/1414 | 当前窗口loss 74.51
epoch 24/100 | 窗口 200/1414 | 当前窗口loss 71.48
epoch 24/100 | 窗口 400/1414 | 当前窗口loss 71.84
epoch 24/100 | 窗口 600/1414 | 当前窗口loss 67.24
epoch 24/100 | 窗口 800/1414 | 当前窗口loss 69.50
epoch 24/100 | 窗口 1000/1414 | 当前窗口loss 68.70
epoch 24/100 | 窗口 1200/1414 | 当前窗口loss 66.81
epoch 24/100 | 窗口 1400/1414 | 当前窗口loss 70.27
=== epoch 24 完成 | 平均loss 69.51 ===
epoch 25/100 | 窗口 0/1414 | 当前窗口loss 73.93
epoch 25/100 | 窗口 200/1414 | 当前窗口loss 71.09
epoch 25/100 | 窗口 400/1414 | 当前窗口loss 72.09
epoch 25/100 | 窗口 600/1414 | 当前窗口loss 67.23
epoch 25/100 | 窗口 800/1414 | 当前窗口loss 69.05
epoch 25/100 | 窗口 1000/1414 | 当前窗口loss 68.27
epoch 25/100 | 窗口 1200/1414 | 当前窗口loss 65.55
epoch 25/100 | 窗口 1400/1414 | 当前窗口loss 69.62
=== epoch 25 完成 | 平均loss 68.98 ===
epoch 26/100 | 窗口 0/1414 | 当前窗口loss 72.98
epoch 26/100 | 窗口 200/1414 | 当前窗口loss 70.39
epoch 26/100 | 窗口 400/1414 | 当前窗口loss 71.08
epoch 26/100 | 窗口 600/1414 | 当前窗口loss 66.65
epoch 26/100 | 窗口 800/1414 | 当前窗口loss 69.15
epoch 26/100 | 窗口 1000/1414 | 当前窗口loss 68.26
epoch 26/100 | 窗口 1200/1414 | 当前窗口loss 65.06
epoch 26/100 | 窗口 1400/1414 | 当前窗口loss 69.37
=== epoch 26 完成 | 平均loss 68.64 ===
epoch 27/100 | 窗口 0/1414 | 当前窗口loss 72.33
epoch 27/100 | 窗口 200/1414 | 当前窗口loss 69.76
epoch 27/100 | 窗口 400/1414 | 当前窗口loss 71.82
epoch 27/100 | 窗口 600/1414 | 当前窗口loss 65.82
epoch 27/100 | 窗口 800/1414 | 当前窗口loss 68.62
epoch 27/100 | 窗口 1000/1414 | 当前窗口loss 68.54
epoch 27/100 | 窗口 1200/1414 | 当前窗口loss 65.24
epoch 27/100 | 窗口 1400/1414 | 当前窗口loss 69.33
=== epoch 27 完成 | 平均loss 68.40 ===
epoch 28/100 | 窗口 0/1414 | 当前窗口loss 72.14
epoch 28/100 | 窗口 200/1414 | 当前窗口loss 69.87
epoch 28/100 | 窗口 400/1414 | 当前窗口loss 72.73
epoch 28/100 | 窗口 600/1414 | 当前窗口loss 65.03
epoch 28/100 | 窗口 800/1414 | 当前窗口loss 68.77
epoch 28/100 | 窗口 1000/1414 | 当前窗口loss 67.24
epoch 28/100 | 窗口 1200/1414 | 当前窗口loss 64.74
epoch 28/100 | 窗口 1400/1414 | 当前窗口loss 69.18
=== epoch 28 完成 | 平均loss 68.12 ===
epoch 29/100 | 窗口 0/1414 | 当前窗口loss 71.67
epoch 29/100 | 窗口 200/1414 | 当前窗口loss 69.58
epoch 29/100 | 窗口 400/1414 | 当前窗口loss 72.08
epoch 29/100 | 窗口 600/1414 | 当前窗口loss 64.64
epoch 29/100 | 窗口 800/1414 | 当前窗口loss 67.91
epoch 29/100 | 窗口 1000/1414 | 当前窗口loss 68.53
epoch 29/100 | 窗口 1200/1414 | 当前窗口loss 64.50
epoch 29/100 | 窗口 1400/1414 | 当前窗口loss 70.44
=== epoch 29 完成 | 平均loss 68.05 ===
epoch 30/100 | 窗口 0/1414 | 当前窗口loss 72.66
epoch 30/100 | 窗口 200/1414 | 当前窗口loss 69.40
epoch 30/100 | 窗口 400/1414 | 当前窗口loss 71.48
epoch 30/100 | 窗口 600/1414 | 当前窗口loss 64.95
epoch 30/100 | 窗口 800/1414 | 当前窗口loss 68.02
epoch 30/100 | 窗口 1000/1414 | 当前窗口loss 67.56
epoch 30/100 | 窗口 1200/1414 | 当前窗口loss 63.88
epoch 30/100 | 窗口 1400/1414 | 当前窗口loss 68.48
=== epoch 30 完成 | 平均loss 67.71 ===
epoch 31/100 | 窗口 0/1414 | 当前窗口loss 71.78
epoch 31/100 | 窗口 200/1414 | 当前窗口loss 69.18
epoch 31/100 | 窗口 400/1414 | 当前窗口loss 70.18
epoch 31/100 | 窗口 600/1414 | 当前窗口loss 63.99
epoch 31/100 | 窗口 800/1414 | 当前窗口loss 67.30
epoch 31/100 | 窗口 1000/1414 | 当前窗口loss 67.13
epoch 31/100 | 窗口 1200/1414 | 当前窗口loss 63.17
epoch 31/100 | 窗口 1400/1414 | 当前窗口loss 67.86
=== epoch 31 完成 | 平均loss 66.96 ===
epoch 32/100 | 窗口 0/1414 | 当前窗口loss 71.00
epoch 32/100 | 窗口 200/1414 | 当前窗口loss 69.09
epoch 32/100 | 窗口 400/1414 | 当前窗口loss 69.93
epoch 32/100 | 窗口 600/1414 | 当前窗口loss 63.91
epoch 32/100 | 窗口 800/1414 | 当前窗口loss 66.89
epoch 32/100 | 窗口 1000/1414 | 当前窗口loss 67.30
epoch 32/100 | 窗口 1200/1414 | 当前窗口loss 62.98
epoch 32/100 | 窗口 1400/1414 | 当前窗口loss 67.63
=== epoch 32 完成 | 平均loss 66.62 ===
epoch 33/100 | 窗口 0/1414 | 当前窗口loss 70.52
epoch 33/100 | 窗口 200/1414 | 当前窗口loss 68.64
epoch 33/100 | 窗口 400/1414 | 当前窗口loss 70.00
epoch 33/100 | 窗口 600/1414 | 当前窗口loss 64.03
epoch 33/100 | 窗口 800/1414 | 当前窗口loss 67.75
epoch 33/100 | 窗口 1000/1414 | 当前窗口loss 67.35
epoch 33/100 | 窗口 1200/1414 | 当前窗口loss 63.28
epoch 33/100 | 窗口 1400/1414 | 当前窗口loss 68.40
=== epoch 33 完成 | 平均loss 67.05 ===
epoch 34/100 | 窗口 0/1414 | 当前窗口loss 70.85
epoch 34/100 | 窗口 200/1414 | 当前窗口loss 68.81
epoch 34/100 | 窗口 400/1414 | 当前窗口loss 70.13
epoch 34/100 | 窗口 600/1414 | 当前窗口loss 63.39
epoch 34/100 | 窗口 800/1414 | 当前窗口loss 66.53
epoch 34/100 | 窗口 1000/1414 | 当前窗口loss 66.67
epoch 34/100 | 窗口 1200/1414 | 当前窗口loss 62.40
epoch 34/100 | 窗口 1400/1414 | 当前窗口loss 67.07
=== epoch 34 完成 | 平均loss 66.41 ===
epoch 35/100 | 窗口 0/1414 | 当前窗口loss 70.76
epoch 35/100 | 窗口 200/1414 | 当前窗口loss 68.47
epoch 35/100 | 窗口 400/1414 | 当前窗口loss 69.34
epoch 35/100 | 窗口 600/1414 | 当前窗口loss 63.23
epoch 35/100 | 窗口 800/1414 | 当前窗口loss 67.44
epoch 35/100 | 窗口 1000/1414 | 当前窗口loss 66.59
epoch 35/100 | 窗口 1200/1414 | 当前窗口loss 62.64
epoch 35/100 | 窗口 1400/1414 | 当前窗口loss 67.00
=== epoch 35 完成 | 平均loss 66.26 ===
epoch 36/100 | 窗口 0/1414 | 当前窗口loss 70.49
epoch 36/100 | 窗口 200/1414 | 当前窗口loss 67.94
epoch 36/100 | 窗口 400/1414 | 当前窗口loss 69.35
epoch 36/100 | 窗口 600/1414 | 当前窗口loss 64.53
epoch 36/100 | 窗口 800/1414 | 当前窗口loss 66.14
epoch 36/100 | 窗口 1000/1414 | 当前窗口loss 65.44
epoch 36/100 | 窗口 1200/1414 | 当前窗口loss 61.72
epoch 36/100 | 窗口 1400/1414 | 当前窗口loss 66.44
=== epoch 36 完成 | 平均loss 65.73 ===
epoch 37/100 | 窗口 0/1414 | 当前窗口loss 70.02
epoch 37/100 | 窗口 200/1414 | 当前窗口loss 67.64
epoch 37/100 | 窗口 400/1414 | 当前窗口loss 68.67
epoch 37/100 | 窗口 600/1414 | 当前窗口loss 64.03
epoch 37/100 | 窗口 800/1414 | 当前窗口loss 65.46
epoch 37/100 | 窗口 1000/1414 | 当前窗口loss 64.86
epoch 37/100 | 窗口 1200/1414 | 当前窗口loss 61.67
epoch 37/100 | 窗口 1400/1414 | 当前窗口loss 67.19
=== epoch 37 完成 | 平均loss 65.50 ===
epoch 38/100 | 窗口 0/1414 | 当前窗口loss 71.79
epoch 38/100 | 窗口 200/1414 | 当前窗口loss 67.32
epoch 38/100 | 窗口 400/1414 | 当前窗口loss 68.63
epoch 38/100 | 窗口 600/1414 | 当前窗口loss 65.98
epoch 38/100 | 窗口 800/1414 | 当前窗口loss 66.65
epoch 38/100 | 窗口 1000/1414 | 当前窗口loss 66.06
epoch 38/100 | 窗口 1200/1414 | 当前窗口loss 62.23
epoch 38/100 | 窗口 1400/1414 | 当前窗口loss 68.42
=== epoch 38 完成 | 平均loss 66.52 ===
epoch 39/100 | 窗口 0/1414 | 当前窗口loss 70.75
epoch 39/100 | 窗口 200/1414 | 当前窗口loss 66.52
epoch 39/100 | 窗口 400/1414 | 当前窗口loss 69.83
epoch 39/100 | 窗口 600/1414 | 当前窗口loss 63.66
epoch 39/100 | 窗口 800/1414 | 当前窗口loss 65.85
epoch 39/100 | 窗口 1000/1414 | 当前窗口loss 66.42
epoch 39/100 | 窗口 1200/1414 | 当前窗口loss 61.40
epoch 39/100 | 窗口 1400/1414 | 当前窗口loss 67.75
=== epoch 39 完成 | 平均loss 65.94 ===
epoch 40/100 | 窗口 0/1414 | 当前窗口loss 69.99
epoch 40/100 | 窗口 200/1414 | 当前窗口loss 66.26
epoch 40/100 | 窗口 400/1414 | 当前窗口loss 68.30
epoch 40/100 | 窗口 600/1414 | 当前窗口loss 62.81
epoch 40/100 | 窗口 800/1414 | 当前窗口loss 64.83
epoch 40/100 | 窗口 1000/1414 | 当前窗口loss 64.34
epoch 40/100 | 窗口 1200/1414 | 当前窗口loss 61.18
epoch 40/100 | 窗口 1400/1414 | 当前窗口loss 67.16
=== epoch 40 完成 | 平均loss 64.95 ===
epoch 41/100 | 窗口 0/1414 | 当前窗口loss 69.45
epoch 41/100 | 窗口 200/1414 | 当前窗口loss 66.21
epoch 41/100 | 窗口 400/1414 | 当前窗口loss 68.20
epoch 41/100 | 窗口 600/1414 | 当前窗口loss 62.44
epoch 41/100 | 窗口 800/1414 | 当前窗口loss 64.65
epoch 41/100 | 窗口 1000/1414 | 当前窗口loss 64.18
epoch 41/100 | 窗口 1200/1414 | 当前窗口loss 60.94
epoch 41/100 | 窗口 1400/1414 | 当前窗口loss 66.30
=== epoch 41 完成 | 平均loss 64.71 ===
epoch 42/100 | 窗口 0/1414 | 当前窗口loss 69.16
epoch 42/100 | 窗口 200/1414 | 当前窗口loss 65.90
epoch 42/100 | 窗口 400/1414 | 当前窗口loss 68.17
epoch 42/100 | 窗口 600/1414 | 当前窗口loss 61.87
epoch 42/100 | 窗口 800/1414 | 当前窗口loss 63.84
epoch 42/100 | 窗口 1000/1414 | 当前窗口loss 64.13
epoch 42/100 | 窗口 1200/1414 | 当前窗口loss 60.21
epoch 42/100 | 窗口 1400/1414 | 当前窗口loss 66.17
=== epoch 42 完成 | 平均loss 64.36 ===
epoch 43/100 | 窗口 0/1414 | 当前窗口loss 68.34
epoch 43/100 | 窗口 200/1414 | 当前窗口loss 65.45
epoch 43/100 | 窗口 400/1414 | 当前窗口loss 68.01
epoch 43/100 | 窗口 600/1414 | 当前窗口loss 62.59
epoch 43/100 | 窗口 800/1414 | 当前窗口loss 64.41
epoch 43/100 | 窗口 1000/1414 | 当前窗口loss 64.93
epoch 43/100 | 窗口 1200/1414 | 当前窗口loss 60.56
epoch 43/100 | 窗口 1400/1414 | 当前窗口loss 66.29
=== epoch 43 完成 | 平均loss 64.44 ===
epoch 44/100 | 窗口 0/1414 | 当前窗口loss 69.00
epoch 44/100 | 窗口 200/1414 | 当前窗口loss 65.01
epoch 44/100 | 窗口 400/1414 | 当前窗口loss 68.12
epoch 44/100 | 窗口 600/1414 | 当前窗口loss 61.83
epoch 44/100 | 窗口 800/1414 | 当前窗口loss 63.86
epoch 44/100 | 窗口 1000/1414 | 当前窗口loss 66.27
epoch 44/100 | 窗口 1200/1414 | 当前窗口loss 61.04
epoch 44/100 | 窗口 1400/1414 | 当前窗口loss 66.85
=== epoch 44 完成 | 平均loss 64.54 ===
epoch 45/100 | 窗口 0/1414 | 当前窗口loss 69.17
epoch 45/100 | 窗口 200/1414 | 当前窗口loss 65.76
epoch 45/100 | 窗口 400/1414 | 当前窗口loss 68.18
epoch 45/100 | 窗口 600/1414 | 当前窗口loss 62.54
epoch 45/100 | 窗口 800/1414 | 当前窗口loss 64.43
epoch 45/100 | 窗口 1000/1414 | 当前窗口loss 64.83
epoch 45/100 | 窗口 1200/1414 | 当前窗口loss 60.64
epoch 45/100 | 窗口 1400/1414 | 当前窗口loss 65.40
=== epoch 45 完成 | 平均loss 64.56 ===
epoch 46/100 | 窗口 0/1414 | 当前窗口loss 68.11
epoch 46/100 | 窗口 200/1414 | 当前窗口loss 64.49
epoch 46/100 | 窗口 400/1414 | 当前窗口loss 67.27
epoch 46/100 | 窗口 600/1414 | 当前窗口loss 61.11
epoch 46/100 | 窗口 800/1414 | 当前窗口loss 63.05
epoch 46/100 | 窗口 1000/1414 | 当前窗口loss 63.81
epoch 46/100 | 窗口 1200/1414 | 当前窗口loss 59.98
epoch 46/100 | 窗口 1400/1414 | 当前窗口loss 65.64
=== epoch 46 完成 | 平均loss 63.59 ===
epoch 47/100 | 窗口 0/1414 | 当前窗口loss 67.89
epoch 47/100 | 窗口 200/1414 | 当前窗口loss 64.96
epoch 47/100 | 窗口 400/1414 | 当前窗口loss 66.97
epoch 47/100 | 窗口 600/1414 | 当前窗口loss 61.31
epoch 47/100 | 窗口 800/1414 | 当前窗口loss 64.96
epoch 47/100 | 窗口 1000/1414 | 当前窗口loss 66.13
epoch 47/100 | 窗口 1200/1414 | 当前窗口loss 60.40
epoch 47/100 | 窗口 1400/1414 | 当前窗口loss 66.49
=== epoch 47 完成 | 平均loss 64.47 ===
epoch 48/100 | 窗口 0/1414 | 当前窗口loss 68.55
epoch 48/100 | 窗口 200/1414 | 当前窗口loss 65.68
epoch 48/100 | 窗口 400/1414 | 当前窗口loss 67.09
epoch 48/100 | 窗口 600/1414 | 当前窗口loss 61.10
epoch 48/100 | 窗口 800/1414 | 当前窗口loss 63.27
epoch 48/100 | 窗口 1000/1414 | 当前窗口loss 63.55
epoch 48/100 | 窗口 1200/1414 | 当前窗口loss 59.73
epoch 48/100 | 窗口 1400/1414 | 当前窗口loss 64.68
=== epoch 48 完成 | 平均loss 63.84 ===
epoch 49/100 | 窗口 0/1414 | 当前窗口loss 67.74
epoch 49/100 | 窗口 200/1414 | 当前窗口loss 64.03
epoch 49/100 | 窗口 400/1414 | 当前窗口loss 66.54
epoch 49/100 | 窗口 600/1414 | 当前窗口loss 60.49
epoch 49/100 | 窗口 800/1414 | 当前窗口loss 68.65
epoch 49/100 | 窗口 1000/1414 | 当前窗口loss 65.14
epoch 49/100 | 窗口 1200/1414 | 当前窗口loss 60.35
epoch 49/100 | 窗口 1400/1414 | 当前窗口loss 65.42
=== epoch 49 完成 | 平均loss 64.19 ===
epoch 50/100 | 窗口 0/1414 | 当前窗口loss 67.57
epoch 50/100 | 窗口 200/1414 | 当前窗口loss 64.66
epoch 50/100 | 窗口 400/1414 | 当前窗口loss 66.74
epoch 50/100 | 窗口 600/1414 | 当前窗口loss 60.47
epoch 50/100 | 窗口 800/1414 | 当前窗口loss 63.01
epoch 50/100 | 窗口 1000/1414 | 当前窗口loss 63.08
epoch 50/100 | 窗口 1200/1414 | 当前窗口loss 59.31
epoch 50/100 | 窗口 1400/1414 | 当前窗口loss 64.27
=== epoch 50 完成 | 平均loss 63.23 ===
epoch 51/100 | 窗口 0/1414 | 当前窗口loss 66.45
epoch 51/100 | 窗口 200/1414 | 当前窗口loss 70.23
epoch 51/100 | 窗口 400/1414 | 当前窗口loss 68.97
epoch 51/100 | 窗口 600/1414 | 当前窗口loss 60.90
epoch 51/100 | 窗口 800/1414 | 当前窗口loss 63.68
epoch 51/100 | 窗口 1000/1414 | 当前窗口loss 64.71
epoch 51/100 | 窗口 1200/1414 | 当前窗口loss 61.10
epoch 51/100 | 窗口 1400/1414 | 当前窗口loss 65.14
=== epoch 51 完成 | 平均loss 64.80 ===
epoch 52/100 | 窗口 0/1414 | 当前窗口loss 67.66
epoch 52/100 | 窗口 200/1414 | 当前窗口loss 65.97
epoch 52/100 | 窗口 400/1414 | 当前窗口loss 67.00
epoch 52/100 | 窗口 600/1414 | 当前窗口loss 61.65
epoch 52/100 | 窗口 800/1414 | 当前窗口loss 63.47
epoch 52/100 | 窗口 1000/1414 | 当前窗口loss 63.11
epoch 52/100 | 窗口 1200/1414 | 当前窗口loss 59.50
epoch 52/100 | 窗口 1400/1414 | 当前窗口loss 64.59
=== epoch 52 完成 | 平均loss 63.95 ===
epoch 53/100 | 窗口 0/1414 | 当前窗口loss 66.23
epoch 53/100 | 窗口 200/1414 | 当前窗口loss 65.22
epoch 53/100 | 窗口 400/1414 | 当前窗口loss 67.73
epoch 53/100 | 窗口 600/1414 | 当前窗口loss 60.63
epoch 53/100 | 窗口 800/1414 | 当前窗口loss 62.95
epoch 53/100 | 窗口 1000/1414 | 当前窗口loss 62.25
epoch 53/100 | 窗口 1200/1414 | 当前窗口loss 59.31
epoch 53/100 | 窗口 1400/1414 | 当前窗口loss 63.73
=== epoch 53 完成 | 平均loss 63.10 ===
epoch 54/100 | 窗口 0/1414 | 当前窗口loss 66.03
epoch 54/100 | 窗口 200/1414 | 当前窗口loss 66.02
epoch 54/100 | 窗口 400/1414 | 当前窗口loss 67.64
epoch 54/100 | 窗口 600/1414 | 当前窗口loss 60.37
epoch 54/100 | 窗口 800/1414 | 当前窗口loss 63.51
epoch 54/100 | 窗口 1000/1414 | 当前窗口loss 63.08
epoch 54/100 | 窗口 1200/1414 | 当前窗口loss 58.73
epoch 54/100 | 窗口 1400/1414 | 当前窗口loss 63.67
=== epoch 54 完成 | 平均loss 63.08 ===
epoch 55/100 | 窗口 0/1414 | 当前窗口loss 66.04
epoch 55/100 | 窗口 200/1414 | 当前窗口loss 63.89
epoch 55/100 | 窗口 400/1414 | 当前窗口loss 66.39
epoch 55/100 | 窗口 600/1414 | 当前窗口loss 60.28
epoch 55/100 | 窗口 800/1414 | 当前窗口loss 62.69
epoch 55/100 | 窗口 1000/1414 | 当前窗口loss 62.32
epoch 55/100 | 窗口 1200/1414 | 当前窗口loss 59.54
epoch 55/100 | 窗口 1400/1414 | 当前窗口loss 63.95
=== epoch 55 完成 | 平均loss 62.79 ===
epoch 56/100 | 窗口 0/1414 | 当前窗口loss 65.77
epoch 56/100 | 窗口 200/1414 | 当前窗口loss 67.33
epoch 56/100 | 窗口 400/1414 | 当前窗口loss 67.65
epoch 56/100 | 窗口 600/1414 | 当前窗口loss 60.03
epoch 56/100 | 窗口 800/1414 | 当前窗口loss 61.92
epoch 56/100 | 窗口 1000/1414 | 当前窗口loss 62.37
epoch 56/100 | 窗口 1200/1414 | 当前窗口loss 69.82
epoch 56/100 | 窗口 1400/1414 | 当前窗口loss 73.80
=== epoch 56 完成 | 平均loss 64.95 ===
epoch 57/100 | 窗口 0/1414 | 当前窗口loss 75.34
epoch 57/100 | 窗口 200/1414 | 当前窗口loss 71.41
epoch 57/100 | 窗口 400/1414 | 当前窗口loss 71.54
epoch 57/100 | 窗口 600/1414 | 当前窗口loss 65.18
epoch 57/100 | 窗口 800/1414 | 当前窗口loss 67.19
epoch 57/100 | 窗口 1000/1414 | 当前窗口loss 65.98
epoch 57/100 | 窗口 1200/1414 | 当前窗口loss 62.15
epoch 57/100 | 窗口 1400/1414 | 当前窗口loss 68.61
=== epoch 57 完成 | 平均loss 67.63 ===
epoch 58/100 | 窗口 0/1414 | 当前窗口loss 70.68
epoch 58/100 | 窗口 200/1414 | 当前窗口loss 66.99
epoch 58/100 | 窗口 400/1414 | 当前窗口loss 68.40
epoch 58/100 | 窗口 600/1414 | 当前窗口loss 61.39
epoch 58/100 | 窗口 800/1414 | 当前窗口loss 65.98
epoch 58/100 | 窗口 1000/1414 | 当前窗口loss 64.23
epoch 58/100 | 窗口 1200/1414 | 当前窗口loss 60.58
epoch 58/100 | 窗口 1400/1414 | 当前窗口loss 66.35
=== epoch 58 完成 | 平均loss 64.90 ===
epoch 59/100 | 窗口 0/1414 | 当前窗口loss 68.55
epoch 59/100 | 窗口 200/1414 | 当前窗口loss 65.37
epoch 59/100 | 窗口 400/1414 | 当前窗口loss 67.27
epoch 59/100 | 窗口 600/1414 | 当前窗口loss 60.07
epoch 59/100 | 窗口 800/1414 | 当前窗口loss 62.61
epoch 59/100 | 窗口 1000/1414 | 当前窗口loss 62.48
epoch 59/100 | 窗口 1200/1414 | 当前窗口loss 59.15
epoch 59/100 | 窗口 1400/1414 | 当前窗口loss 63.90
=== epoch 59 完成 | 平均loss 63.00 ===
epoch 60/100 | 窗口 0/1414 | 当前窗口loss 66.76
epoch 60/100 | 窗口 200/1414 | 当前窗口loss 64.54
epoch 60/100 | 窗口 400/1414 | 当前窗口loss 66.55
epoch 60/100 | 窗口 600/1414 | 当前窗口loss 60.10
epoch 60/100 | 窗口 800/1414 | 当前窗口loss 61.91
epoch 60/100 | 窗口 1000/1414 | 当前窗口loss 61.47
epoch 60/100 | 窗口 1200/1414 | 当前窗口loss 58.56
epoch 60/100 | 窗口 1400/1414 | 当前窗口loss 63.01
=== epoch 60 完成 | 平均loss 62.22 ===
epoch 61/100 | 窗口 0/1414 | 当前窗口loss 65.51
epoch 61/100 | 窗口 200/1414 | 当前窗口loss 64.21
epoch 61/100 | 窗口 400/1414 | 当前窗口loss 66.86
epoch 61/100 | 窗口 600/1414 | 当前窗口loss 59.57
epoch 61/100 | 窗口 800/1414 | 当前窗口loss 61.57
epoch 61/100 | 窗口 1000/1414 | 当前窗口loss 61.26
epoch 61/100 | 窗口 1200/1414 | 当前窗口loss 57.47
epoch 61/100 | 窗口 1400/1414 | 当前窗口loss 63.21
=== epoch 61 完成 | 平均loss 61.78 ===
epoch 62/100 | 窗口 0/1414 | 当前窗口loss 65.89
epoch 62/100 | 窗口 200/1414 | 当前窗口loss 63.95
epoch 62/100 | 窗口 400/1414 | 当前窗口loss 65.58
epoch 62/100 | 窗口 600/1414 | 当前窗口loss 58.97
epoch 62/100 | 窗口 800/1414 | 当前窗口loss 60.27
epoch 62/100 | 窗口 1000/1414 | 当前窗口loss 61.03
epoch 62/100 | 窗口 1200/1414 | 当前窗口loss 57.74
epoch 62/100 | 窗口 1400/1414 | 当前窗口loss 62.32
=== epoch 62 完成 | 平均loss 61.19 ===
epoch 63/100 | 窗口 0/1414 | 当前窗口loss 65.15
epoch 63/100 | 窗口 200/1414 | 当前窗口loss 63.15
epoch 63/100 | 窗口 400/1414 | 当前窗口loss 67.60
epoch 63/100 | 窗口 600/1414 | 当前窗口loss 58.85
epoch 63/100 | 窗口 800/1414 | 当前窗口loss 60.62
epoch 63/100 | 窗口 1000/1414 | 当前窗口loss 61.44
epoch 63/100 | 窗口 1200/1414 | 当前窗口loss 58.00
epoch 63/100 | 窗口 1400/1414 | 当前窗口loss 62.32
=== epoch 63 完成 | 平均loss 61.53 ===
epoch 64/100 | 窗口 0/1414 | 当前窗口loss 65.19
epoch 64/100 | 窗口 200/1414 | 当前窗口loss 62.43
epoch 64/100 | 窗口 400/1414 | 当前窗口loss 65.47
epoch 64/100 | 窗口 600/1414 | 当前窗口loss 58.48
epoch 64/100 | 窗口 800/1414 | 当前窗口loss 60.29
epoch 64/100 | 窗口 1000/1414 | 当前窗口loss 64.79
epoch 64/100 | 窗口 1200/1414 | 当前窗口loss 59.75
epoch 64/100 | 窗口 1400/1414 | 当前窗口loss 63.10
=== epoch 64 完成 | 平均loss 61.69 ===
epoch 65/100 | 窗口 0/1414 | 当前窗口loss 65.66
epoch 65/100 | 窗口 200/1414 | 当前窗口loss 63.06
epoch 65/100 | 窗口 400/1414 | 当前窗口loss 65.90
epoch 65/100 | 窗口 600/1414 | 当前窗口loss 58.04
epoch 65/100 | 窗口 800/1414 | 当前窗口loss 63.62
epoch 65/100 | 窗口 1000/1414 | 当前窗口loss 62.13
epoch 65/100 | 窗口 1200/1414 | 当前窗口loss 57.97
epoch 65/100 | 窗口 1400/1414 | 当前窗口loss 62.92
=== epoch 65 完成 | 平均loss 61.63 ===
epoch 66/100 | 窗口 0/1414 | 当前窗口loss 65.37
epoch 66/100 | 窗口 200/1414 | 当前窗口loss 62.49
epoch 66/100 | 窗口 400/1414 | 当前窗口loss 67.74
epoch 66/100 | 窗口 600/1414 | 当前窗口loss 58.37
epoch 66/100 | 窗口 800/1414 | 当前窗口loss 61.26
epoch 66/100 | 窗口 1000/1414 | 当前窗口loss 61.66
epoch 66/100 | 窗口 1200/1414 | 当前窗口loss 61.62
epoch 66/100 | 窗口 1400/1414 | 当前窗口loss 64.09
=== epoch 66 完成 | 平均loss 62.22 ===
epoch 67/100 | 窗口 0/1414 | 当前窗口loss 67.29
epoch 67/100 | 窗口 200/1414 | 当前窗口loss 64.46
epoch 67/100 | 窗口 400/1414 | 当前窗口loss 66.32
epoch 67/100 | 窗口 600/1414 | 当前窗口loss 59.69
epoch 67/100 | 窗口 800/1414 | 当前窗口loss 60.67
epoch 67/100 | 窗口 1000/1414 | 当前窗口loss 67.65
epoch 67/100 | 窗口 1200/1414 | 当前窗口loss 60.00
epoch 67/100 | 窗口 1400/1414 | 当前窗口loss 63.90
=== epoch 67 完成 | 平均loss 62.67 ===
epoch 68/100 | 窗口 0/1414 | 当前窗口loss 67.01
epoch 68/100 | 窗口 200/1414 | 当前窗口loss 64.34
epoch 68/100 | 窗口 400/1414 | 当前窗口loss 65.82
epoch 68/100 | 窗口 600/1414 | 当前窗口loss 58.44
epoch 68/100 | 窗口 800/1414 | 当前窗口loss 59.83
epoch 68/100 | 窗口 1000/1414 | 当前窗口loss 66.30
epoch 68/100 | 窗口 1200/1414 | 当前窗口loss 61.00
epoch 68/100 | 窗口 1400/1414 | 当前窗口loss 65.24
=== epoch 68 完成 | 平均loss 62.98 ===
epoch 69/100 | 窗口 0/1414 | 当前窗口loss 67.25
epoch 69/100 | 窗口 200/1414 | 当前窗口loss 64.45
epoch 69/100 | 窗口 400/1414 | 当前窗口loss 65.79
epoch 69/100 | 窗口 600/1414 | 当前窗口loss 58.44
epoch 69/100 | 窗口 800/1414 | 当前窗口loss 59.93
epoch 69/100 | 窗口 1000/1414 | 当前窗口loss 61.28
epoch 69/100 | 窗口 1200/1414 | 当前窗口loss 67.27
epoch 69/100 | 窗口 1400/1414 | 当前窗口loss 67.50
=== epoch 69 完成 | 平均loss 62.81 ===
epoch 70/100 | 窗口 0/1414 | 当前窗口loss 69.37
epoch 70/100 | 窗口 200/1414 | 当前窗口loss 65.85
epoch 70/100 | 窗口 400/1414 | 当前窗口loss 66.66
epoch 70/100 | 窗口 600/1414 | 当前窗口loss 59.26
epoch 70/100 | 窗口 800/1414 | 当前窗口loss 60.52
epoch 70/100 | 窗口 1000/1414 | 当前窗口loss 62.31
epoch 70/100 | 窗口 1200/1414 | 当前窗口loss 58.69
epoch 70/100 | 窗口 1400/1414 | 当前窗口loss 62.97
=== epoch 70 完成 | 平均loss 62.41 ===
epoch 71/100 | 窗口 0/1414 | 当前窗口loss 65.99
epoch 71/100 | 窗口 200/1414 | 当前窗口loss 63.20
epoch 71/100 | 窗口 400/1414 | 当前窗口loss 64.67
epoch 71/100 | 窗口 600/1414 | 当前窗口loss 57.54
epoch 71/100 | 窗口 800/1414 | 当前窗口loss 59.20
epoch 71/100 | 窗口 1000/1414 | 当前窗口loss 60.70
epoch 71/100 | 窗口 1200/1414 | 当前窗口loss 57.67
epoch 71/100 | 窗口 1400/1414 | 当前窗口loss 62.21
=== epoch 71 完成 | 平均loss 60.58 ===
epoch 72/100 | 窗口 0/1414 | 当前窗口loss 64.70
epoch 72/100 | 窗口 200/1414 | 当前窗口loss 62.47
epoch 72/100 | 窗口 400/1414 | 当前窗口loss 64.14
epoch 72/100 | 窗口 600/1414 | 当前窗口loss 57.44
epoch 72/100 | 窗口 800/1414 | 当前窗口loss 59.47
epoch 72/100 | 窗口 1000/1414 | 当前窗口loss 60.18
epoch 72/100 | 窗口 1200/1414 | 当前窗口loss 56.92
epoch 72/100 | 窗口 1400/1414 | 当前窗口loss 61.34
=== epoch 72 完成 | 平均loss 59.97 ===
epoch 73/100 | 窗口 0/1414 | 当前窗口loss 64.31
epoch 73/100 | 窗口 200/1414 | 当前窗口loss 61.75
epoch 73/100 | 窗口 400/1414 | 当前窗口loss 63.55
epoch 73/100 | 窗口 600/1414 | 当前窗口loss 57.32
epoch 73/100 | 窗口 800/1414 | 当前窗口loss 58.91
epoch 73/100 | 窗口 1000/1414 | 当前窗口loss 60.05
epoch 73/100 | 窗口 1200/1414 | 当前窗口loss 56.66
epoch 73/100 | 窗口 1400/1414 | 当前窗口loss 61.83
=== epoch 73 完成 | 平均loss 59.81 ===
epoch 74/100 | 窗口 0/1414 | 当前窗口loss 64.65
epoch 74/100 | 窗口 200/1414 | 当前窗口loss 61.85
epoch 74/100 | 窗口 400/1414 | 当前窗口loss 64.63
epoch 74/100 | 窗口 600/1414 | 当前窗口loss 58.31
epoch 74/100 | 窗口 800/1414 | 当前窗口loss 58.75
epoch 74/100 | 窗口 1000/1414 | 当前窗口loss 60.16
epoch 74/100 | 窗口 1200/1414 | 当前窗口loss 56.46
epoch 74/100 | 窗口 1400/1414 | 当前窗口loss 60.94
=== epoch 74 完成 | 平均loss 59.95 ===
epoch 75/100 | 窗口 0/1414 | 当前窗口loss 63.90
epoch 75/100 | 窗口 200/1414 | 当前窗口loss 62.54
epoch 75/100 | 窗口 400/1414 | 当前窗口loss 65.18
epoch 75/100 | 窗口 600/1414 | 当前窗口loss 58.62
epoch 75/100 | 窗口 800/1414 | 当前窗口loss 64.62
epoch 75/100 | 窗口 1000/1414 | 当前窗口loss 62.72
epoch 75/100 | 窗口 1200/1414 | 当前窗口loss 57.79
epoch 75/100 | 窗口 1400/1414 | 当前窗口loss 62.58
=== epoch 75 完成 | 平均loss 61.27 ===
epoch 76/100 | 窗口 0/1414 | 当前窗口loss 65.67
epoch 76/100 | 窗口 200/1414 | 当前窗口loss 63.23
epoch 76/100 | 窗口 400/1414 | 当前窗口loss 64.97
epoch 76/100 | 窗口 600/1414 | 当前窗口loss 57.77
epoch 76/100 | 窗口 800/1414 | 当前窗口loss 59.03
epoch 76/100 | 窗口 1000/1414 | 当前窗口loss 63.02
epoch 76/100 | 窗口 1200/1414 | 当前窗口loss 60.33
epoch 76/100 | 窗口 1400/1414 | 当前窗口loss 66.43
=== epoch 76 完成 | 平均loss 61.88 ===
epoch 77/100 | 窗口 0/1414 | 当前窗口loss 68.87
epoch 77/100 | 窗口 200/1414 | 当前窗口loss 68.19
epoch 77/100 | 窗口 400/1414 | 当前窗口loss 68.32
epoch 77/100 | 窗口 600/1414 | 当前窗口loss 60.22
epoch 77/100 | 窗口 800/1414 | 当前窗口loss 60.62
epoch 77/100 | 窗口 1000/1414 | 当前窗口loss 61.64
epoch 77/100 | 窗口 1200/1414 | 当前窗口loss 57.82
epoch 77/100 | 窗口 1400/1414 | 当前窗口loss 61.51
=== epoch 77 完成 | 平均loss 62.66 ===
epoch 78/100 | 窗口 0/1414 | 当前窗口loss 64.97
epoch 78/100 | 窗口 200/1414 | 当前窗口loss 62.24
epoch 78/100 | 窗口 400/1414 | 当前窗口loss 66.32
epoch 78/100 | 窗口 600/1414 | 当前窗口loss 57.86
epoch 78/100 | 窗口 800/1414 | 当前窗口loss 60.56
epoch 78/100 | 窗口 1000/1414 | 当前窗口loss 60.47
epoch 78/100 | 窗口 1200/1414 | 当前窗口loss 57.04
epoch 78/100 | 窗口 1400/1414 | 当前窗口loss 61.18
=== epoch 78 完成 | 平均loss 60.81 ===
epoch 79/100 | 窗口 0/1414 | 当前窗口loss 63.71
epoch 79/100 | 窗口 200/1414 | 当前窗口loss 62.99
epoch 79/100 | 窗口 400/1414 | 当前窗口loss 64.59
epoch 79/100 | 窗口 600/1414 | 当前窗口loss 57.54
epoch 79/100 | 窗口 800/1414 | 当前窗口loss 59.98
epoch 79/100 | 窗口 1000/1414 | 当前窗口loss 59.66
epoch 79/100 | 窗口 1200/1414 | 当前窗口loss 56.26
epoch 79/100 | 窗口 1400/1414 | 当前窗口loss 60.71
=== epoch 79 完成 | 平均loss 59.75 ===
epoch 80/100 | 窗口 0/1414 | 当前窗口loss 63.10
epoch 80/100 | 窗口 200/1414 | 当前窗口loss 64.26
epoch 80/100 | 窗口 400/1414 | 当前窗口loss 64.72
epoch 80/100 | 窗口 600/1414 | 当前窗口loss 57.50
epoch 80/100 | 窗口 800/1414 | 当前窗口loss 59.10
epoch 80/100 | 窗口 1000/1414 | 当前窗口loss 59.00
epoch 80/100 | 窗口 1200/1414 | 当前窗口loss 55.74
epoch 80/100 | 窗口 1400/1414 | 当前窗口loss 61.46
=== epoch 80 完成 | 平均loss 59.77 ===
epoch 81/100 | 窗口 0/1414 | 当前窗口loss 63.87
epoch 81/100 | 窗口 200/1414 | 当前窗口loss 61.55
epoch 81/100 | 窗口 400/1414 | 当前窗口loss 64.46
epoch 81/100 | 窗口 600/1414 | 当前窗口loss 57.56
epoch 81/100 | 窗口 800/1414 | 当前窗口loss 58.79
epoch 81/100 | 窗口 1000/1414 | 当前窗口loss 59.64
epoch 81/100 | 窗口 1200/1414 | 当前窗口loss 56.96
epoch 81/100 | 窗口 1400/1414 | 当前窗口loss 60.77
=== epoch 81 完成 | 平均loss 59.67 ===
epoch 82/100 | 窗口 0/1414 | 当前窗口loss 63.87
epoch 82/100 | 窗口 200/1414 | 当前窗口loss 61.42
epoch 82/100 | 窗口 400/1414 | 当前窗口loss 65.62
epoch 82/100 | 窗口 600/1414 | 当前窗口loss 57.29
epoch 82/100 | 窗口 800/1414 | 当前窗口loss 58.91
epoch 82/100 | 窗口 1000/1414 | 当前窗口loss 59.45
epoch 82/100 | 窗口 1200/1414 | 当前窗口loss 55.80
epoch 82/100 | 窗口 1400/1414 | 当前窗口loss 60.35
=== epoch 82 完成 | 平均loss 59.64 ===
epoch 83/100 | 窗口 0/1414 | 当前窗口loss 63.24
epoch 83/100 | 窗口 200/1414 | 当前窗口loss 61.47
epoch 83/100 | 窗口 400/1414 | 当前窗口loss 64.04
epoch 83/100 | 窗口 600/1414 | 当前窗口loss 59.62
epoch 83/100 | 窗口 800/1414 | 当前窗口loss 59.16
epoch 83/100 | 窗口 1000/1414 | 当前窗口loss 58.90
epoch 83/100 | 窗口 1200/1414 | 当前窗口loss 57.75
epoch 83/100 | 窗口 1400/1414 | 当前窗口loss 60.98
=== epoch 83 完成 | 平均loss 59.76 ===
epoch 84/100 | 窗口 0/1414 | 当前窗口loss 63.71
epoch 84/100 | 窗口 200/1414 | 当前窗口loss 61.24
epoch 84/100 | 窗口 400/1414 | 当前窗口loss 63.89
epoch 84/100 | 窗口 600/1414 | 当前窗口loss 57.03
epoch 84/100 | 窗口 800/1414 | 当前窗口loss 58.32
epoch 84/100 | 窗口 1000/1414 | 当前窗口loss 58.64
epoch 84/100 | 窗口 1200/1414 | 当前窗口loss 56.52
epoch 84/100 | 窗口 1400/1414 | 当前窗口loss 60.00
=== epoch 84 完成 | 平均loss 59.17 ===
epoch 85/100 | 窗口 0/1414 | 当前窗口loss 63.42
epoch 85/100 | 窗口 200/1414 | 当前窗口loss 61.20
epoch 85/100 | 窗口 400/1414 | 当前窗口loss 63.71
epoch 85/100 | 窗口 600/1414 | 当前窗口loss 58.27
epoch 85/100 | 窗口 800/1414 | 当前窗口loss 59.88
epoch 85/100 | 窗口 1000/1414 | 当前窗口loss 59.29
epoch 85/100 | 窗口 1200/1414 | 当前窗口loss 56.36
epoch 85/100 | 窗口 1400/1414 | 当前窗口loss 60.69
=== epoch 85 完成 | 平均loss 59.36 ===
epoch 86/100 | 窗口 0/1414 | 当前窗口loss 64.06
epoch 86/100 | 窗口 200/1414 | 当前窗口loss 60.64
epoch 86/100 | 窗口 400/1414 | 当前窗口loss 63.24
epoch 86/100 | 窗口 600/1414 | 当前窗口loss 56.96
epoch 86/100 | 窗口 800/1414 | 当前窗口loss 57.97
epoch 86/100 | 窗口 1000/1414 | 当前窗口loss 63.41
epoch 86/100 | 窗口 1200/1414 | 当前窗口loss 56.54
epoch 86/100 | 窗口 1400/1414 | 当前窗口loss 61.83
=== epoch 86 完成 | 平均loss 59.46 ===
epoch 87/100 | 窗口 0/1414 | 当前窗口loss 64.35
epoch 87/100 | 窗口 200/1414 | 当前窗口loss 61.18
epoch 87/100 | 窗口 400/1414 | 当前窗口loss 63.34
epoch 87/100 | 窗口 600/1414 | 当前窗口loss 57.30
epoch 87/100 | 窗口 800/1414 | 当前窗口loss 57.80
epoch 87/100 | 窗口 1000/1414 | 当前窗口loss 58.79
epoch 87/100 | 窗口 1200/1414 | 当前窗口loss 55.17
epoch 87/100 | 窗口 1400/1414 | 当前窗口loss 62.03
=== epoch 87 完成 | 平均loss 58.81 ===
epoch 88/100 | 窗口 0/1414 | 当前窗口loss 67.60
epoch 88/100 | 窗口 200/1414 | 当前窗口loss 61.70
epoch 88/100 | 窗口 400/1414 | 当前窗口loss 63.51
epoch 88/100 | 窗口 600/1414 | 当前窗口loss 56.65
epoch 88/100 | 窗口 800/1414 | 当前窗口loss 58.57
epoch 88/100 | 窗口 1000/1414 | 当前窗口loss 58.87
epoch 88/100 | 窗口 1200/1414 | 当前窗口loss 60.68
epoch 88/100 | 窗口 1400/1414 | 当前窗口loss 61.37
=== epoch 88 完成 | 平均loss 59.64 ===
epoch 89/100 | 窗口 0/1414 | 当前窗口loss 64.27
epoch 89/100 | 窗口 200/1414 | 当前窗口loss 60.62
epoch 89/100 | 窗口 400/1414 | 当前窗口loss 63.33
epoch 89/100 | 窗口 600/1414 | 当前窗口loss 56.13
epoch 89/100 | 窗口 800/1414 | 当前窗口loss 58.25
epoch 89/100 | 窗口 1000/1414 | 当前窗口loss 58.97
epoch 89/100 | 窗口 1200/1414 | 当前窗口loss 55.38
epoch 89/100 | 窗口 1400/1414 | 当前窗口loss 59.78
=== epoch 89 完成 | 平均loss 58.74 ===
epoch 90/100 | 窗口 0/1414 | 当前窗口loss 62.92
epoch 90/100 | 窗口 200/1414 | 当前窗口loss 59.99
epoch 90/100 | 窗口 400/1414 | 当前窗口loss 67.47
epoch 90/100 | 窗口 600/1414 | 当前窗口loss 57.63
epoch 90/100 | 窗口 800/1414 | 当前窗口loss 58.68
epoch 90/100 | 窗口 1000/1414 | 当前窗口loss 58.55
epoch 90/100 | 窗口 1200/1414 | 当前窗口loss 55.49
epoch 90/100 | 窗口 1400/1414 | 当前窗口loss 59.86
=== epoch 90 完成 | 平均loss 58.99 ===
epoch 91/100 | 窗口 0/1414 | 当前窗口loss 62.96
epoch 91/100 | 窗口 200/1414 | 当前窗口loss 59.88
epoch 91/100 | 窗口 400/1414 | 当前窗口loss 62.78
epoch 91/100 | 窗口 600/1414 | 当前窗口loss 55.70
epoch 91/100 | 窗口 800/1414 | 当前窗口loss 57.38
epoch 91/100 | 窗口 1000/1414 | 当前窗口loss 58.42
epoch 91/100 | 窗口 1200/1414 | 当前窗口loss 55.17
epoch 91/100 | 窗口 1400/1414 | 当前窗口loss 60.47
=== epoch 91 完成 | 平均loss 58.15 ===
epoch 92/100 | 窗口 0/1414 | 当前窗口loss 63.39
epoch 92/100 | 窗口 200/1414 | 当前窗口loss 60.37
epoch 92/100 | 窗口 400/1414 | 当前窗口loss 63.18
epoch 92/100 | 窗口 600/1414 | 当前窗口loss 56.35
epoch 92/100 | 窗口 800/1414 | 当前窗口loss 57.37
epoch 92/100 | 窗口 1000/1414 | 当前窗口loss 58.28
epoch 92/100 | 窗口 1200/1414 | 当前窗口loss 56.73
epoch 92/100 | 窗口 1400/1414 | 当前窗口loss 60.05
=== epoch 92 完成 | 平均loss 58.26 ===
epoch 93/100 | 窗口 0/1414 | 当前窗口loss 62.58
epoch 93/100 | 窗口 200/1414 | 当前窗口loss 60.68
epoch 93/100 | 窗口 400/1414 | 当前窗口loss 62.64
epoch 93/100 | 窗口 600/1414 | 当前窗口loss 71.91
epoch 93/100 | 窗口 800/1414 | 当前窗口loss 66.04
epoch 93/100 | 窗口 1000/1414 | 当前窗口loss 64.36
epoch 93/100 | 窗口 1200/1414 | 当前窗口loss 59.03
epoch 93/100 | 窗口 1400/1414 | 当前窗口loss 62.78
=== epoch 93 完成 | 平均loss 61.99 ===
epoch 94/100 | 窗口 0/1414 | 当前窗口loss 65.36
epoch 94/100 | 窗口 200/1414 | 当前窗口loss 62.83
epoch 94/100 | 窗口 400/1414 | 当前窗口loss 66.92
epoch 94/100 | 窗口 600/1414 | 当前窗口loss 58.85
epoch 94/100 | 窗口 800/1414 | 当前窗口loss 59.42
epoch 94/100 | 窗口 1000/1414 | 当前窗口loss 59.63
epoch 94/100 | 窗口 1200/1414 | 当前窗口loss 56.25
epoch 94/100 | 窗口 1400/1414 | 当前窗口loss 59.94
=== epoch 94 完成 | 平均loss 60.22 ===
epoch 95/100 | 窗口 0/1414 | 当前窗口loss 62.94
epoch 95/100 | 窗口 200/1414 | 当前窗口loss 62.54
epoch 95/100 | 窗口 400/1414 | 当前窗口loss 63.34
epoch 95/100 | 窗口 600/1414 | 当前窗口loss 56.87
epoch 95/100 | 窗口 800/1414 | 当前窗口loss 57.67
epoch 95/100 | 窗口 1000/1414 | 当前窗口loss 58.42
epoch 95/100 | 窗口 1200/1414 | 当前窗口loss 55.46
epoch 95/100 | 窗口 1400/1414 | 当前窗口loss 59.37
=== epoch 95 完成 | 平均loss 58.50 ===
epoch 96/100 | 窗口 0/1414 | 当前窗口loss 62.77
epoch 96/100 | 窗口 200/1414 | 当前窗口loss 61.08
epoch 96/100 | 窗口 400/1414 | 当前窗口loss 62.96
epoch 96/100 | 窗口 600/1414 | 当前窗口loss 56.49
epoch 96/100 | 窗口 800/1414 | 当前窗口loss 57.78
epoch 96/100 | 窗口 1000/1414 | 当前窗口loss 58.13
epoch 96/100 | 窗口 1200/1414 | 当前窗口loss 54.70
epoch 96/100 | 窗口 1400/1414 | 当前窗口loss 59.11
=== epoch 96 完成 | 平均loss 58.36 ===
epoch 97/100 | 窗口 0/1414 | 当前窗口loss 61.67
epoch 97/100 | 窗口 200/1414 | 当前窗口loss 60.34
epoch 97/100 | 窗口 400/1414 | 当前窗口loss 62.99
epoch 97/100 | 窗口 600/1414 | 当前窗口loss 56.06
epoch 97/100 | 窗口 800/1414 | 当前窗口loss 57.76
epoch 97/100 | 窗口 1000/1414 | 当前窗口loss 64.59
epoch 97/100 | 窗口 1200/1414 | 当前窗口loss 62.49
epoch 97/100 | 窗口 1400/1414 | 当前窗口loss 64.33
=== epoch 97 完成 | 平均loss 61.19 ===
epoch 98/100 | 窗口 0/1414 | 当前窗口loss 67.28
epoch 98/100 | 窗口 200/1414 | 当前窗口loss 64.21
epoch 98/100 | 窗口 400/1414 | 当前窗口loss 65.54
epoch 98/100 | 窗口 600/1414 | 当前窗口loss 59.71
epoch 98/100 | 窗口 800/1414 | 当前窗口loss 60.15
epoch 98/100 | 窗口 1000/1414 | 当前窗口loss 61.04
epoch 98/100 | 窗口 1200/1414 | 当前窗口loss 57.10
epoch 98/100 | 窗口 1400/1414 | 当前窗口loss 59.83
=== epoch 98 完成 | 平均loss 60.81 ===
epoch 99/100 | 窗口 0/1414 | 当前窗口loss 63.05
epoch 99/100 | 窗口 200/1414 | 当前窗口loss 60.64
epoch 99/100 | 窗口 400/1414 | 当前窗口loss 62.65
epoch 99/100 | 窗口 600/1414 | 当前窗口loss 58.79
epoch 99/100 | 窗口 800/1414 | 当前窗口loss 58.84
epoch 99/100 | 窗口 1000/1414 | 当前窗口loss 59.39
epoch 99/100 | 窗口 1200/1414 | 当前窗口loss 55.77
epoch 99/100 | 窗口 1400/1414 | 当前窗口loss 59.50
=== epoch 99 完成 | 平均loss 59.28 ===
epoch 100/100 | 窗口 0/1414 | 当前窗口loss 62.10
epoch 100/100 | 窗口 200/1414 | 当前窗口loss 61.17
epoch 100/100 | 窗口 400/1414 | 当前窗口loss 67.88
epoch 100/100 | 窗口 600/1414 | 当前窗口loss 58.96
epoch 100/100 | 窗口 800/1414 | 当前窗口loss 58.73
epoch 100/100 | 窗口 1000/1414 | 当前窗口loss 59.10
epoch 100/100 | 窗口 1200/1414 | 当前窗口loss 55.79
epoch 100/100 | 窗口 1400/1414 | 当前窗口loss 59.19
=== epoch 100 完成 | 平均loss 59.19 ===
